Added Component: Designator=C4(0603)
Add component. Clean all parameters for all variants
Add component (AddParameter): Name = "1. Description"; Value = "CAP [TYPE] [VALUE] [TOLERANCE] [VOLTAGE] [CLASS] [PACKAGE]"; VariantName = "[No Variations]"
Add component (AddParameter): Name = "2. Manufacturer"; Value = ""; VariantName = "[No Variations]"
Add component (AddParameter): Name = "3. Manufacturer Part Number"; Value = ""; VariantName = "[No Variations]"
Add component (AddParameter): Name = "4. Digi-Key Part Number"; Value = ""; VariantName = "[No Variations]"
Add component (AddParameter): Name = "5. Internal Part Number"; Value = ""; VariantName = "[No Variations]"
Add component (AddParameter): Name = "6. Last Modified"; Value = ""; VariantName = "[No Variations]"
Add component (AddParameter): Name = "7. Modified By"; Value = ""; VariantName = "[No Variations]"
Added Component: Designator=C5(0603)
Add component. Clean all parameters for all variants
Add component (AddParameter): Name = "1. Description"; Value = "CAP [TYPE] [VALUE] [TOLERANCE] [VOLTAGE] [CLASS] [PACKAGE]"; VariantName = "[No Variations]"
Add component (AddParameter): Name = "2. Manufacturer"; Value = ""; VariantName = "[No Variations]"
Add component (AddParameter): Name = "3. Manufacturer Part Number"; Value = ""; VariantName = "[No Variations]"
Add component (AddParameter): Name = "4. Digi-Key Part Number"; Value = ""; VariantName = "[No Variations]"
Add component (AddParameter): Name = "5. Internal Part Number"; Value = ""; VariantName = "[No Variations]"
Add component (AddParameter): Name = "6. Last Modified"; Value = ""; VariantName = "[No Variations]"
Add component (AddParameter): Name = "7. Modified By"; Value = ""; VariantName = "[No Variations]"
Added Component: Designator=C6(0603)
Add component. Clean all parameters for all variants
Add component (AddParameter): Name = "1. Description"; Value = "CAP [TYPE] [VALUE] [TOLERANCE] [VOLTAGE] [CLASS] [PACKAGE]"; VariantName = "[No Variations]"
Add component (AddParameter): Name = "2. Manufacturer"; Value = ""; VariantName = "[No Variations]"
Add component (AddParameter): Name = "3. Manufacturer Part Number"; Value = ""; VariantName = "[No Variations]"
Add component (AddParameter): Name = "4. Digi-Key Part Number"; Value = ""; VariantName = "[No Variations]"
Add component (AddParameter): Name = "5. Internal Part Number"; Value = ""; VariantName = "[No Variations]"
Add component (AddParameter): Name = "6. Last Modified"; Value = ""; VariantName = "[No Variations]"
Add component (AddParameter): Name = "7. Modified By"; Value = ""; VariantName = "[No Variations]"
Added Component: Designator=C7(0603)
Add component. Clean all parameters for all variants
Add component (AddParameter): Name = "1. Description"; Value = "CAP [TYPE] [VALUE] [TOLERANCE] [VOLTAGE] [CLASS] [PACKAGE]"; VariantName = "[No Variations]"
Add component (AddParameter): Name = "2. Manufacturer"; Value = ""; VariantName = "[No Variations]"
Add component (AddParameter): Name = "3. Manufacturer Part Number"; Value = ""; VariantName = "[No Variations]"
Add component (AddParameter): Name = "4. Digi-Key Part Number"; Value = ""; VariantName = "[No Variations]"
Add component (AddParameter): Name = "5. Internal Part Number"; Value = ""; VariantName = "[No Variations]"
Add component (AddParameter): Name = "6. Last Modified"; Value = ""; VariantName = "[No Variations]"
Add component (AddParameter): Name = "7. Modified By"; Value = ""; VariantName = "[No Variations]"
Added Component: Designator=C8(0603)
Add component. Clean all parameters for all variants
Add component (AddParameter): Name = "1. Description"; Value = "CAP [TYPE] [VALUE] [TOLERANCE] [VOLTAGE] [CLASS] [PACKAGE]"; VariantName = "[No Variations]"
Add component (AddParameter): Name = "2. Manufacturer"; Value = ""; VariantName = "[No Variations]"
Add component (AddParameter): Name = "3. Manufacturer Part Number"; Value = ""; VariantName = "[No Variations]"
Add component (AddParameter): Name = "4. Digi-Key Part Number"; Value = ""; VariantName = "[No Variations]"
Add component (AddParameter): Name = "5. Internal Part Number"; Value = ""; VariantName = "[No Variations]"
Add component (AddParameter): Name = "6. Last Modified"; Value = ""; VariantName = "[No Variations]"
Add component (AddParameter): Name = "7. Modified By"; Value = ""; VariantName = "[No Variations]"
Added Component: Designator=R4(0603)
Add component. Clean all parameters for all variants
Add component (AddParameter): Name = "1. Description"; Value = "RES [VALUE] [POWER] [TOLERANCE] [PACKAGE] [CONSTRUCTION]"; VariantName = "[No Variations]"
Add component (AddParameter): Name = "2. Manufacturer"; Value = ""; VariantName = "[No Variations]"
Add component (AddParameter): Name = "3. Manufacturer Part Number"; Value = ""; VariantName = "[No Variations]"
Add component (AddParameter): Name = "4. Digi-Key Part Number"; Value = ""; VariantName = "[No Variations]"
Add component (AddParameter): Name = "5. Internal Part Number"; Value = ""; VariantName = "[No Variations]"
Add component (AddParameter): Name = "6. Last Modified"; Value = ""; VariantName = "[No Variations]"
Add component (AddParameter): Name = "7. Modified By"; Value = ""; VariantName = "[No Variations]"
Added Component: Designator=R5(0603)
Add component. Clean all parameters for all variants
Add component (AddParameter): Name = "1. Description"; Value = "RES [VALUE] [POWER] [TOLERANCE] [PACKAGE] [CONSTRUCTION]"; VariantName = "[No Variations]"
Add component (AddParameter): Name = "2. Manufacturer"; Value = ""; VariantName = "[No Variations]"
Add component (AddParameter): Name = "3. Manufacturer Part Number"; Value = ""; VariantName = "[No Variations]"
Add component (AddParameter): Name = "4. Digi-Key Part Number"; Value = ""; VariantName = "[No Variations]"
Add component (AddParameter): Name = "5. Internal Part Number"; Value = ""; VariantName = "[No Variations]"
Add component (AddParameter): Name = "6. Last Modified"; Value = ""; VariantName = "[No Variations]"
Add component (AddParameter): Name = "7. Modified By"; Value = ""; VariantName = "[No Variations]"
Added Component: Designator=R6(0603)
Add component. Clean all parameters for all variants
Add component (AddParameter): Name = "1. Description"; Value = "RES [VALUE] [POWER] [TOLERANCE] [PACKAGE] [CONSTRUCTION]"; VariantName = "[No Variations]"
Add component (AddParameter): Name = "2. Manufacturer"; Value = ""; VariantName = "[No Variations]"
Add component (AddParameter): Name = "3. Manufacturer Part Number"; Value = ""; VariantName = "[No Variations]"
Add component (AddParameter): Name = "4. Digi-Key Part Number"; Value = ""; VariantName = "[No Variations]"
Add component (AddParameter): Name = "5. Internal Part Number"; Value = ""; VariantName = "[No Variations]"
Add component (AddParameter): Name = "6. Last Modified"; Value = ""; VariantName = "[No Variations]"
Add component (AddParameter): Name = "7. Modified By"; Value = ""; VariantName = "[No Variations]"
Added Component: Designator=R7(0603)
Add component. Clean all parameters for all variants
Add component (AddParameter): Name = "1. Description"; Value = "RES [VALUE] [POWER] [TOLERANCE] [PACKAGE] [CONSTRUCTION]"; VariantName = "[No Variations]"
Add component (AddParameter): Name = "2. Manufacturer"; Value = ""; VariantName = "[No Variations]"
Add component (AddParameter): Name = "3. Manufacturer Part Number"; Value = ""; VariantName = "[No Variations]"
Add component (AddParameter): Name = "4. Digi-Key Part Number"; Value = ""; VariantName = "[No Variations]"
Add component (AddParameter): Name = "5. Internal Part Number"; Value = ""; VariantName = "[No Variations]"
Add component (AddParameter): Name = "6. Last Modified"; Value = ""; VariantName = "[No Variations]"
Add component (AddParameter): Name = "7. Modified By"; Value = ""; VariantName = "[No Variations]"
Added Component: Designator=R8(0603)
Add component. Clean all parameters for all variants
Add component (AddParameter): Name = "1. Description"; Value = "RES [VALUE] [POWER] [TOLERANCE] [PACKAGE] [CONSTRUCTION]"; VariantName = "[No Variations]"
Add component (AddParameter): Name = "2. Manufacturer"; Value = ""; VariantName = "[No Variations]"
Add component (AddParameter): Name = "3. Manufacturer Part Number"; Value = ""; VariantName = "[No Variations]"
Add component (AddParameter): Name = "4. Digi-Key Part Number"; Value = ""; VariantName = "[No Variations]"
Add component (AddParameter): Name = "5. Internal Part Number"; Value = ""; VariantName = "[No Variations]"
Add component (AddParameter): Name = "6. Last Modified"; Value = ""; VariantName = "[No Variations]"
Add component (AddParameter): Name = "7. Modified By"; Value = ""; VariantName = "[No Variations]"
Added Component: Designator=R9(0603)
Add component. Clean all parameters for all variants
Add component (AddParameter): Name = "1. Description"; Value = "RES [VALUE] [POWER] [TOLERANCE] [PACKAGE] [CONSTRUCTION]"; VariantName = "[No Variations]"
Add component (AddParameter): Name = "2. Manufacturer"; Value = ""; VariantName = "[No Variations]"
Add component (AddParameter): Name = "3. Manufacturer Part Number"; Value = ""; VariantName = "[No Variations]"
Add component (AddParameter): Name = "4. Digi-Key Part Number"; Value = ""; VariantName = "[No Variations]"
Add component (AddParameter): Name = "5. Internal Part Number"; Value = ""; VariantName = "[No Variations]"
Add component (AddParameter): Name = "6. Last Modified"; Value = ""; VariantName = "[No Variations]"
Add component (AddParameter): Name = "7. Modified By"; Value = ""; VariantName = "[No Variations]"
Added Component: Designator=R10(0603)
Add component. Clean all parameters for all variants
Add component (AddParameter): Name = "1. Description"; Value = "RES [VALUE] [POWER] [TOLERANCE] [PACKAGE] [CONSTRUCTION]"; VariantName = "[No Variations]"
Add component (AddParameter): Name = "2. Manufacturer"; Value = ""; VariantName = "[No Variations]"
Add component (AddParameter): Name = "3. Manufacturer Part Number"; Value = ""; VariantName = "[No Variations]"
Add component (AddParameter): Name = "4. Digi-Key Part Number"; Value = ""; VariantName = "[No Variations]"
Add component (AddParameter): Name = "5. Internal Part Number"; Value = ""; VariantName = "[No Variations]"
Add component (AddParameter): Name = "6. Last Modified"; Value = ""; VariantName = "[No Variations]"
Add component (AddParameter): Name = "7. Modified By"; Value = ""; VariantName = "[No Variations]"
Added Component: Designator=R11(0603)
Add component. Clean all parameters for all variants
Add component (AddParameter): Name = "1. Description"; Value = "RES [VALUE] [POWER] [TOLERANCE] [PACKAGE] [CONSTRUCTION]"; VariantName = "[No Variations]"
Add component (AddParameter): Name = "2. Manufacturer"; Value = ""; VariantName = "[No Variations]"
Add component (AddParameter): Name = "3. Manufacturer Part Number"; Value = ""; VariantName = "[No Variations]"
Add component (AddParameter): Name = "4. Digi-Key Part Number"; Value = ""; VariantName = "[No Variations]"
Add component (AddParameter): Name = "5. Internal Part Number"; Value = ""; VariantName = "[No Variations]"
Add component (AddParameter): Name = "6. Last Modified"; Value = ""; VariantName = "[No Variations]"
Add component (AddParameter): Name = "7. Modified By"; Value = ""; VariantName = "[No Variations]"
Added Component: Designator=R12(0603)
Add component. Clean all parameters for all variants
Add component (AddParameter): Name = "1. Description"; Value = "RES [VALUE] [POWER] [TOLERANCE] [PACKAGE] [CONSTRUCTION]"; VariantName = "[No Variations]"
Add component (AddParameter): Name = "2. Manufacturer"; Value = ""; VariantName = "[No Variations]"
Add component (AddParameter): Name = "3. Manufacturer Part Number"; Value = ""; VariantName = "[No Variations]"
Add component (AddParameter): Name = "4. Digi-Key Part Number"; Value = ""; VariantName = "[No Variations]"
Add component (AddParameter): Name = "5. Internal Part Number"; Value = ""; VariantName = "[No Variations]"
Add component (AddParameter): Name = "6. Last Modified"; Value = ""; VariantName = "[No Variations]"
Add component (AddParameter): Name = "7. Modified By"; Value = ""; VariantName = "[No Variations]"
Added Pin To Net: NetName=NetC4_1 Pin=C4-1
Added Pin To Net: NetName=GND Pin=C4-2
Added Pin To Net: NetName=VCC Pin=C5-1
Added Pin To Net: NetName=GND Pin=C5-2
Added Pin To Net: NetName=VCC Pin=C6-1
Added Pin To Net: NetName=GND Pin=C6-2
Added Pin To Net: NetName=NetC7_1 Pin=C7-1
Added Pin To Net: NetName=GND Pin=C7-2
Added Pin To Net: NetName=VCC Pin=C8-1
Added Pin To Net: NetName=GND Pin=C8-2
Added Pin To Net: NetName=NetM1_13 Pin=R4-1
Added Pin To Net: NetName=MOSI/IO4 Pin=R4-2
Added Pin To Net: NetName=NetM1_12 Pin=R5-1
Added Pin To Net: NetName=UTX/IO3 Pin=R5-2
Added Pin To Net: NetName=NetM1_11 Pin=R6-1
Added Pin To Net: NetName=URX/IO2 Pin=R6-2
Added Pin To Net: NetName=NetM1_10 Pin=R7-1
Added Pin To Net: NetName=AN1/IO1 Pin=R7-2
Added Pin To Net: NetName=NetM1_9 Pin=R8-1
Added Pin To Net: NetName=AN0/IO0 Pin=R8-2
Added Pin To Net: NetName=NetM1_6 Pin=R9-1
Added Pin To Net: NetName=VCC Pin=R9-2
Added Pin To Net: NetName=GND Pin=R10-1
Added Pin To Net: NetName=NetM1_6 Pin=R10-2
Added Pin To Net: NetName=VCC Pin=R11-1
Added Pin To Net: NetName=NetM1_5 Pin=R11-2
Added Pin To Net: NetName=GND Pin=R12-1
Added Pin To Net: NetName=NetM1_5 Pin=R12-2
Added Member To Class: ClassName=Sheet1 Member=Component C4 10nF
Added Member To Class: ClassName=Sheet1 Member=Component C5 100nF
Added Member To Class: ClassName=Sheet1 Member=Component C6 10uF
Added Member To Class: ClassName=Sheet1 Member=Component C7 100nF
Added Member To Class: ClassName=Sheet1 Member=Component C8 100nF
Added Member To Class: ClassName=Sheet1 Member=Component R4 0R
Added Member To Class: ClassName=Sheet1 Member=Component R5 0R
Added Member To Class: ClassName=Sheet1 Member=Component R6 0R
Added Member To Class: ClassName=Sheet1 Member=Component R7 0R
Added Member To Class: ClassName=Sheet1 Member=Component R8 0R
Added Member To Class: ClassName=Sheet1 Member=Component R9 0R
Added Member To Class: ClassName=Sheet1 Member=Component R10 0R
Added Member To Class: ClassName=Sheet1 Member=Component R11 0R
Added Member To Class: ClassName=Sheet1 Member=Component R12 0R
