Removed Pin From Net: NetName=MOSI/IO4 Pin=R4-1
Removed Pin From Net: NetName=NetM1_13 Pin=R4-2
Removed Pin From Net: NetName=UTX/IO3 Pin=R5-1
Removed Pin From Net: NetName=NetM1_12 Pin=R5-2
Removed Pin From Net: NetName=URX/IO2 Pin=R6-1
Removed Pin From Net: NetName=NetM1_11 Pin=R6-2
Removed Pin From Net: NetName=AN1/IO1 Pin=R7-1
Removed Pin From Net: NetName=NetM1_10 Pin=R7-2
Removed Pin From Net: NetName=AN0/IO0 Pin=R8-1
Removed Pin From Net: NetName=NetM1_9 Pin=R8-2
Removed Pin From Net: NetName=NetM1_6 Pin=R10-1
Removed Pin From Net: NetName=GND Pin=R10-2
Change component parameters: Designator = "C4"; Footprint = "0603"; UniqueID = "\DEVTQPBI"
Change component parameters. Clean all parameters for all variants
Change component parameters (AddParameter): Name = "1. Description"; Value = "CAP [TYPE] [VALUE] [TOLERANCE] [VOLTAGE] [CLASS] [PACKAGE]"; VariantName = "[No Variations]"
Change component parameters (AddParameter): Name = "2. Manufacturer"; Value = ""; VariantName = "[No Variations]"
Change component parameters (AddParameter): Name = "3. Manufacturer Part Number"; Value = ""; VariantName = "[No Variations]"
Change component parameters (AddParameter): Name = "4. Digi-Key Part Number"; Value = ""; VariantName = "[No Variations]"
Change component parameters (AddParameter): Name = "5. Internal Part Number"; Value = ""; VariantName = "[No Variations]"
Change component parameters (AddParameter): Name = "6. Last Modified"; Value = ""; VariantName = "[No Variations]"
Change component parameters (AddParameter): Name = "7. Modified By"; Value = ""; VariantName = "[No Variations]"
Change component parameters: Designator = "C5"; Footprint = "0603"; UniqueID = "\CFMGQUGV"
Change component parameters. Clean all parameters for all variants
Change component parameters (AddParameter): Name = "1. Description"; Value = "CAP [TYPE] [VALUE] [TOLERANCE] [VOLTAGE] [CLASS] [PACKAGE]"; VariantName = "[No Variations]"
Change component parameters (AddParameter): Name = "2. Manufacturer"; Value = ""; VariantName = "[No Variations]"
Change component parameters (AddParameter): Name = "3. Manufacturer Part Number"; Value = ""; VariantName = "[No Variations]"
Change component parameters (AddParameter): Name = "4. Digi-Key Part Number"; Value = ""; VariantName = "[No Variations]"
Change component parameters (AddParameter): Name = "5. Internal Part Number"; Value = ""; VariantName = "[No Variations]"
Change component parameters (AddParameter): Name = "6. Last Modified"; Value = ""; VariantName = "[No Variations]"
Change component parameters (AddParameter): Name = "7. Modified By"; Value = ""; VariantName = "[No Variations]"
Change component parameters: Designator = "C6"; Footprint = "0603"; UniqueID = "\EQINPSEC"
Change component parameters. Clean all parameters for all variants
Change component parameters (AddParameter): Name = "1. Description"; Value = "CAP [TYPE] [VALUE] [TOLERANCE] [VOLTAGE] [CLASS] [PACKAGE]"; VariantName = "[No Variations]"
Change component parameters (AddParameter): Name = "2. Manufacturer"; Value = ""; VariantName = "[No Variations]"
Change component parameters (AddParameter): Name = "3. Manufacturer Part Number"; Value = ""; VariantName = "[No Variations]"
Change component parameters (AddParameter): Name = "4. Digi-Key Part Number"; Value = ""; VariantName = "[No Variations]"
Change component parameters (AddParameter): Name = "5. Internal Part Number"; Value = ""; VariantName = "[No Variations]"
Change component parameters (AddParameter): Name = "6. Last Modified"; Value = ""; VariantName = "[No Variations]"
Change component parameters (AddParameter): Name = "7. Modified By"; Value = ""; VariantName = "[No Variations]"
Change component parameters: Designator = "C7"; Footprint = "0603"; UniqueID = "\CVKLMOSD"
Change component parameters. Clean all parameters for all variants
Change component parameters (AddParameter): Name = "1. Description"; Value = "CAP [TYPE] [VALUE] [TOLERANCE] [VOLTAGE] [CLASS] [PACKAGE]"; VariantName = "[No Variations]"
Change component parameters (AddParameter): Name = "2. Manufacturer"; Value = ""; VariantName = "[No Variations]"
Change component parameters (AddParameter): Name = "3. Manufacturer Part Number"; Value = ""; VariantName = "[No Variations]"
Change component parameters (AddParameter): Name = "4. Digi-Key Part Number"; Value = ""; VariantName = "[No Variations]"
Change component parameters (AddParameter): Name = "5. Internal Part Number"; Value = ""; VariantName = "[No Variations]"
Change component parameters (AddParameter): Name = "6. Last Modified"; Value = ""; VariantName = "[No Variations]"
Change component parameters (AddParameter): Name = "7. Modified By"; Value = ""; VariantName = "[No Variations]"
Change component parameters: Designator = "C8"; Footprint = "0603"; UniqueID = "\FVDFCKGF"
Change component parameters. Clean all parameters for all variants
Change component parameters (AddParameter): Name = "1. Description"; Value = "CAP [TYPE] [VALUE] [TOLERANCE] [VOLTAGE] [CLASS] [PACKAGE]"; VariantName = "[No Variations]"
Change component parameters (AddParameter): Name = "2. Manufacturer"; Value = ""; VariantName = "[No Variations]"
Change component parameters (AddParameter): Name = "3. Manufacturer Part Number"; Value = ""; VariantName = "[No Variations]"
Change component parameters (AddParameter): Name = "4. Digi-Key Part Number"; Value = ""; VariantName = "[No Variations]"
Change component parameters (AddParameter): Name = "5. Internal Part Number"; Value = ""; VariantName = "[No Variations]"
Change component parameters (AddParameter): Name = "6. Last Modified"; Value = ""; VariantName = "[No Variations]"
Change component parameters (AddParameter): Name = "7. Modified By"; Value = ""; VariantName = "[No Variations]"
Change component parameters: Designator = "R10"; Footprint = "0603"; UniqueID = "\MRJXOWIM"
Change component parameters. Clean all parameters for all variants
Change component parameters (AddParameter): Name = "1. Description"; Value = "RES [VALUE] [POWER] [TOLERANCE] [PACKAGE] [CONSTRUCTION]"; VariantName = "[No Variations]"
Change component parameters (AddParameter): Name = "2. Manufacturer"; Value = ""; VariantName = "[No Variations]"
Change component parameters (AddParameter): Name = "3. Manufacturer Part Number"; Value = ""; VariantName = "[No Variations]"
Change component parameters (AddParameter): Name = "4. Digi-Key Part Number"; Value = ""; VariantName = "[No Variations]"
Change component parameters (AddParameter): Name = "5. Internal Part Number"; Value = ""; VariantName = "[No Variations]"
Change component parameters (AddParameter): Name = "6. Last Modified"; Value = ""; VariantName = "[No Variations]"
Change component parameters (AddParameter): Name = "7. Modified By"; Value = ""; VariantName = "[No Variations]"
Added Pin To Net: NetName=NetM1_13 Pin=R4-1
Added Pin To Net: NetName=MOSI/IO4 Pin=R4-2
Added Pin To Net: NetName=NetM1_12 Pin=R5-1
Added Pin To Net: NetName=UTX/IO3 Pin=R5-2
Added Pin To Net: NetName=NetM1_11 Pin=R6-1
Added Pin To Net: NetName=URX/IO2 Pin=R6-2
Added Pin To Net: NetName=NetM1_10 Pin=R7-1
Added Pin To Net: NetName=AN1/IO1 Pin=R7-2
Added Pin To Net: NetName=NetM1_9 Pin=R8-1
Added Pin To Net: NetName=AN0/IO0 Pin=R8-2
Added Pin To Net: NetName=GND Pin=R10-1
Added Pin To Net: NetName=NetM1_6 Pin=R10-2
Added Member To Class: ClassName=Sheet1 Member=Component R10 0R
